<?xml version="1.0" encoding="UTF-8"?>
<!-- Generated by org.testng.reporters.JUnitXMLReporter -->
<testsuite ignored="2" hostname="PRASHANTH-PC" failures="0" tests="9" name="FlipkartLogin_TestSuite" time="51.361" errors="0" timestamp="13 Aug 2020 17:21:48 GMT">
  <testcase classname="com.flipkart.UserLoginTest" name="LaunchUrlTest" time="0.389"/>
  <testcase classname="com.flipkart.UserLoginTest" name="loginUserTest" time="4.626"/>
  <testcase classname="com.flipkart.HomePageTest" name="searchCameraListTest" time="4.938"/>
  <testcase classname="com.flipkart.HomePageTest" name="productSelectionToAddToCartTest" time="4.827"/>
  <testcase classname="com.flipkart.HomePageTest" name="goToCartPageDisplayTest" time="0.544"/>
  <testcase classname="com.flipkart.GoToCartPageTest" name="verifyProductDataInCartTest" time="1.033"/>
  <testcase classname="com.flipkart.GoToCartPageTest" name="verifygoToCartPageDetailsTest" time="10.324"/>
  <testcase classname="com.flipkart.GoToCartPageTest" name="checkOutDetailsTest" time="6.648"/>
  <testcase classname="com.flipkart.GoToCartPageTest" name="logOutTest" time="4.576"/>
  <testcase classname="com.flipkart.base.TestBase_new" name="@AfterSuite closeBrowser" time="0.0">
    <ignored/>
  </testcase> <!-- @AfterSuite closeBrowser -->
  <testcase classname="com.flipkart.base.TestBase_new" name="@AfterSuite closeBrowser" time="0.0">
    <ignored/>
  </testcase> <!-- @AfterSuite closeBrowser -->
</testsuite> <!-- FlipkartLogin_TestSuite -->
