<?xml version="1.0" encoding="UTF-8"?>
<!-- Generated by org.testng.reporters.JUnitXMLReporter -->
<testsuite ignored="0" hostname="PRASHANTH-PC" failures="0" tests="1" name="NewFile" time="9.204" errors="0" timestamp="11 Aug 2020 11:57:16 GMT">
  <testcase classname="com.flipkart.UserLoginTest" name="@BeforeClass setup" time="9.12">
    <failure type="java.lang.NullPointerException">
      <![CDATA[java.lang.NullPointerException
at com.flipkart.base.TestBase_new.initialization(TestBase_new.java:108)
at com.flipkart.UserLoginTest.setup(UserLoginTest.java:21)
... Removed 26 stack frames]]>
    </failure>
  </testcase> <!-- @BeforeClass setup -->
  <testcase classname="com.flipkart.UserLoginTest" name="LaunchUrl_new_1" time="0.0">
    <skipped/>
  </testcase> <!-- LaunchUrl_new_1 -->
</testsuite> <!-- NewFile -->
